
-------------- REGAd3p Start------------------

ID: 1BBHA
Directory and fasta file already exists!!
PSSM already exists!!
IUPred short & long already exists!!
Monorgam & Bigram exists!!
collecting features for SS prediction...pssmline:   100
pssm_count: 3---20 PSSM not found!!
...DONE!!!
generating input for SS prediction......DONE!!!
Predicted Secondary structure output already exists!!
collecting features for ASA prediction......DONE!!!
generating input for ASA prediction......DONE!!!
mkdir: cannot create directory `../Output/prediction/1BBHA/ASA': File exists
predicting ASA......DONE!!!

-------------- REGAd3p End------------------

-------------- REGAd3p Start------------------

ID: 1BBHA
Directory and fasta file already exists!!
PSSM already exists!!
IUPred short & long already exists!!
Monorgam & Bigram exists!!
collecting features for SS prediction...pssmline:   100
pssm_count: 3---20 PSSM not found!!
...DONE!!!
generating input for SS prediction......DONE!!!
Predicted Secondary structure output already exists!!
collecting features for ASA prediction......DONE!!!
generating input for ASA prediction......DONE!!!
mkdir: cannot create directory `../Output/prediction/1BBHA/ASA': File exists
predicting ASA......DONE!!!

-------------- REGAd3p End------------------

-------------- REGAd3p Start------------------

ID: 1BBHA
Directory and fasta file already exists!!
PSSM already exists!!
IUPred short & long already exists!!
Monorgam & Bigram exists!!
collecting features for SS prediction...pssmline:   100
pssm_count: 3---20 PSSM not found!!
...DONE!!!
generating input for SS prediction......DONE!!!
Predicted Secondary structure output already exists!!
collecting features for ASA prediction......DONE!!!
generating input for ASA prediction......DONE!!!
mkdir: cannot create directory `../Output/prediction/1BBHA/ASA': File exists
predicting ASA......DONE!!!

-------------- REGAd3p End------------------

-------------- REGAd3p Start------------------

ID: 1BBHA
Directory and fasta file already exists!!
PSSM already exists!!
IUPred short & long already exists!!
Monorgam & Bigram exists!!
collecting features for SS prediction...pssmline:   100
pssm_count: 3---20 PSSM not found!!
...DONE!!!
generating input for SS prediction......DONE!!!
Predicted Secondary structure output already exists!!
collecting features for ASA prediction......DONE!!!
generating input for ASA prediction......DONE!!!
mkdir: cannot create directory `../Output/prediction/1BBHA/ASA': File exists
predicting ASA......DONE!!!

-------------- REGAd3p End------------------

-------------- REGAd3p Start------------------

ID: 1BBHA
Directory and fasta file already exists!!
PSSM already exists!!
IUPred short & long already exists!!
Monorgam & Bigram exists!!
collecting features for SS prediction...pssmline:   100
pssm_count: 3---20 PSSM not found!!
...DONE!!!
generating input for SS prediction......DONE!!!
Predicted Secondary structure output already exists!!
collecting features for ASA prediction......DONE!!!
generating input for ASA prediction......DONE!!!
mkdir: cannot create directory `../Output/prediction/1BBHA/ASA': File exists
predicting ASA......DONE!!!

-------------- REGAd3p End------------------

-------------- REGAd3p Start------------------

ID: 1BBHA
Directory and fasta file already exists!!
PSSM already exists!!
IUPred short & long already exists!!
Monorgam & Bigram exists!!
collecting features for SS prediction...pssmline:   100
pssm_count: 3---20 PSSM not found!!
...DONE!!!
generating input for SS prediction......DONE!!!
Predicted Secondary structure output already exists!!
collecting features for ASA prediction......DONE!!!
generating input for ASA prediction......DONE!!!
mkdir: cannot create directory `../Output/prediction/1BBHA/ASA': File exists
predicting ASA......DONE!!!

-------------- REGAd3p End------------------

-------------- REGAd3p Start------------------

ID: 1BBHA
Directory and fasta file already exists!!
PSSM already exists!!
IUPred short & long already exists!!
Monorgam & Bigram exists!!
collecting features for SS prediction...pssmline:   100
pssm_count: 3---20 PSSM not found!!
...DONE!!!
generating input for SS prediction......DONE!!!
Predicted Secondary structure output already exists!!
collecting features for ASA prediction......DONE!!!
generating input for ASA prediction......DONE!!!
mkdir: cannot create directory `../Output/prediction/1BBHA/ASA': File exists
predicting ASA......DONE!!!

-------------- REGAd3p End------------------

-------------- REGAd3p Start------------------

ID: 1BBHA
Directory and fasta file already exists!!
PSSM already exists!!
IUPred short & long already exists!!
Monorgam & Bigram exists!!
collecting features for SS prediction...pssmline:   100
pssm_count: 3---20 PSSM not found!!
...DONE!!!
generating input for SS prediction......DONE!!!
Predicted Secondary structure output already exists!!
collecting features for ASA prediction......DONE!!!
generating input for ASA prediction......DONE!!!
mkdir: cannot create directory `../Output/prediction/1BBHA/ASA': File exists
predicting ASA......DONE!!!

-------------- REGAd3p End------------------
